c:\users\14019\onedrive\שולחן העבודה\final-c-project\final-c-project\x64\debug\vc142.pdb
c:\users\14019\onedrive\שולחן העבודה\final-c-project\final-c-project\x64\debug\vc142.idb
c:\users\14019\onedrive\שולחן העבודה\final-c-project\final-c-project\x64\debug\utils.obj
c:\users\14019\onedrive\שולחן העבודה\final-c-project\final-c-project\x64\debug\pic_files_utils.obj
c:\users\14019\onedrive\שולחן העבודה\final-c-project\final-c-project\x64\debug\matrices_utils.obj
c:\users\14019\onedrive\שולחן העבודה\final-c-project\final-c-project\x64\debug\main.obj
c:\users\14019\onedrive\שולחן העבודה\final-c-project\final-c-project\x64\debug\lists_utils.obj
c:\users\14019\onedrive\שולחן העבודה\final-c-project\final-c-project\x64\debug\q9.obj
c:\users\14019\onedrive\שולחן העבודה\final-c-project\final-c-project\x64\debug\q8.obj
c:\users\14019\onedrive\שולחן העבודה\final-c-project\final-c-project\x64\debug\q7.obj
c:\users\14019\onedrive\שולחן העבודה\final-c-project\final-c-project\x64\debug\q6.obj
c:\users\14019\onedrive\שולחן העבודה\final-c-project\final-c-project\x64\debug\q5.obj
c:\users\14019\onedrive\שולחן העבודה\final-c-project\final-c-project\x64\debug\q4.obj
c:\users\14019\onedrive\שולחן העבודה\final-c-project\final-c-project\x64\debug\q3.obj
c:\users\14019\onedrive\שולחן העבודה\final-c-project\final-c-project\x64\debug\q2.obj
c:\users\14019\onedrive\שולחן העבודה\final-c-project\final-c-project\x64\debug\q12.obj
c:\users\14019\onedrive\שולחן העבודה\final-c-project\final-c-project\x64\debug\q11.obj
c:\users\14019\onedrive\שולחן העבודה\final-c-project\final-c-project\x64\debug\q10.obj
c:\users\14019\onedrive\שולחן העבודה\final-c-project\final-c-project\x64\debug\q1.obj
c:\users\14019\onedrive\שולחן העבודה\final-c-project\x64\debug\final-c-project.pdb
c:\users\14019\onedrive\שולחן העבודה\final-c-project\final-c-project\x64\debug\final-c-project.tlog\cl.command.1.tlog
c:\users\14019\onedrive\שולחן העבודה\final-c-project\final-c-project\x64\debug\final-c-project.tlog\cl.read.1.tlog
c:\users\14019\onedrive\שולחן העבודה\final-c-project\final-c-project\x64\debug\final-c-project.tlog\cl.write.1.tlog
c:\users\14019\onedrive\שולחן העבודה\final-c-project\final-c-project\x64\debug\final-c-project.tlog\link.19372-cvtres.read.1.tlog
c:\users\14019\onedrive\שולחן העבודה\final-c-project\final-c-project\x64\debug\final-c-project.tlog\link.19372-cvtres.write.1.tlog
c:\users\14019\onedrive\שולחן העבודה\final-c-project\final-c-project\x64\debug\final-c-project.tlog\link.19372-rc.read.1.tlog
c:\users\14019\onedrive\שולחן העבודה\final-c-project\final-c-project\x64\debug\final-c-project.tlog\link.19372-rc.write.1.tlog
c:\users\14019\onedrive\שולחן העבודה\final-c-project\final-c-project\x64\debug\final-c-project.tlog\link.19372.read.1.tlog
c:\users\14019\onedrive\שולחן העבודה\final-c-project\final-c-project\x64\debug\final-c-project.tlog\link.19372.write.1.tlog
c:\users\14019\onedrive\שולחן העבודה\final-c-project\final-c-project\x64\debug\final-c-project.tlog\link.command.1.tlog
c:\users\14019\onedrive\שולחן העבודה\final-c-project\final-c-project\x64\debug\final-c-project.tlog\link.read.1.tlog
c:\users\14019\onedrive\שולחן העבודה\final-c-project\final-c-project\x64\debug\final-c-project.tlog\link.write.1.tlog
